<?xml version="1.0" encoding="UTF-8"?>
<!-- Generated by org.testng.reporters.JUnitXMLReporter -->
<testsuite ignored="0" hostname="Neeshu-SB" failures="1" tests="2" name="Tests" time="15.281" errors="0" timestamp="2022-04-28T14:35:11 PDT">
  <testcase classname="com.DsAlgoProject.TestCases.TC02_SignIn" name="SignIn" time="4.392"/>
  <testcase classname="com.DsAlgoProject.TestCases.TC02_SignIn" name="SignIn" time="1.756">
    <failure type="java.lang.AssertionError" message="expected [NumpyNinja] but found [Login]">
      <![CDATA[java.lang.AssertionError: expected [NumpyNinja] but found [Login]
at com.DsAlgoProject.TestCases.TC02_SignIn.SignIn(TC02_SignIn.java:38)
at java.base/java.util.ArrayList.forEach(ArrayList.java:1511)
... Removed 33 stack frames]]>
    </failure>
  </testcase> <!-- SignIn -->
</testsuite> <!-- Tests -->
