<?xml version="1.0" encoding="UTF-8"?>
<!-- Generated by org.testng.reporters.JUnitXMLReporter -->
<testsuite ignored="8" hostname="Neeshu-SB" failures="3" tests="7" name="TestonChrome" time="68.056" errors="0" timestamp="2022-05-09T13:23:17 PDT">
  <testcase classname="com.DsAlgoProject.TestCases.TC01_Registration" name="Registration" time="2.587">
    <failure type="java.lang.AssertionError" message="expected [NumpyNinja] but found [Registration]">
      <![CDATA[java.lang.AssertionError: expected [NumpyNinja] but found [Registration]
at com.DsAlgoProject.TestCases.TC01_Registration.Registration(TC01_Registration.java:38)
at java.base/java.util.ArrayList.forEach(ArrayList.java:1511)
... Removed 33 stack frames]]>
    </failure>
  </testcase> <!-- Registration -->
  <testcase classname="com.DsAlgoProject.TestCases.TC01_Registration" name="Registration" time="1.736">
    <failure type="java.lang.AssertionError" message="expected [NumpyNinja] but found [Registration]">
      <![CDATA[java.lang.AssertionError: expected [NumpyNinja] but found [Registration]
at com.DsAlgoProject.TestCases.TC01_Registration.Registration(TC01_Registration.java:38)
at java.base/java.util.ArrayList.forEach(ArrayList.java:1511)
... Removed 33 stack frames]]>
    </failure>
  </testcase> <!-- Registration -->
  <testcase classname="com.DsAlgoProject.TestCases.TC02_SignIn" name="SignInTest" time="2.791"/>
  <testcase classname="com.DsAlgoProject.TestCases.TC02_SignIn" name="SignInTest" time="1.746">
    <failure type="java.lang.AssertionError" message="expected [NumpyNinja] but found [Login]">
      <![CDATA[java.lang.AssertionError: expected [NumpyNinja] but found [Login]
at com.DsAlgoProject.TestCases.TC02_SignIn.SignInTest(TC02_SignIn.java:32)
at java.base/java.util.ArrayList.forEach(ArrayList.java:1511)
... Removed 33 stack frames]]>
    </failure>
  </testcase> <!-- SignInTest -->
  <testcase classname="com.DsAlgoProject.TestCases.TC03_DataStructures" name="DataStructuresTest" time="7.862"/>
  <testcase classname="com.DsAlgoProject.TestCases.TC04_Arrays" name="ArraysTest" time="17.141"/>
  <testcase classname="com.DsAlgoProject.TestCases.TC05_Stacks" name="StacksTest" time="7.162"/>
  <testcase classname="com.DsAlgoProject.Base.BaseClass" name="@AfterTest tearDown" time="0.0">
    <ignored/>
  </testcase> <!-- @AfterTest tearDown -->
  <testcase classname="com.DsAlgoProject.Base.BaseClass" name="@AfterTest tearDown" time="0.0">
    <ignored/>
  </testcase> <!-- @AfterTest tearDown -->
  <testcase classname="com.DsAlgoProject.Base.BaseClass" name="@AfterTest tearDown" time="0.0">
    <ignored/>
  </testcase> <!-- @AfterTest tearDown -->
  <testcase classname="com.DsAlgoProject.Base.BaseClass" name="@AfterTest tearDown" time="0.0">
    <ignored/>
  </testcase> <!-- @AfterTest tearDown -->
  <testcase classname="com.DsAlgoProject.Base.BaseClass" name="@BeforeTest setup" time="0.0">
    <ignored/>
  </testcase> <!-- @BeforeTest setup -->
  <testcase classname="com.DsAlgoProject.Base.BaseClass" name="@BeforeTest setup" time="0.0">
    <ignored/>
  </testcase> <!-- @BeforeTest setup -->
  <testcase classname="com.DsAlgoProject.Base.BaseClass" name="@BeforeTest setup" time="0.0">
    <ignored/>
  </testcase> <!-- @BeforeTest setup -->
  <testcase classname="com.DsAlgoProject.Base.BaseClass" name="@BeforeTest setup" time="0.0">
    <ignored/>
  </testcase> <!-- @BeforeTest setup -->
</testsuite> <!-- TestonChrome -->
