<!DOCTYPE html PUBLIC "-//W3C//DTD XHTML 1.1//EN" "https://www.w3.org/TR/xhtml11/DTD/xhtml11.dtd">
<html xmlns="https://www.w3.org/1999/xhtml">
<head>
<meta http-equiv="content-type" content="text/html; charset=UTF-8"/>
<title>TestNG Report</title>
<style type="text/css">table {margin-bottom:10px;border-collapse:collapse;empty-cells:show}th,td {border:1px solid #009;padding:.25em .5em}th {vertical-align:bottom}td {vertical-align:top}table a {font-weight:bold}.stripe td {background-color: #E6EBF9}.num {text-align:right}.passedodd td {background-color: #3F3}.passedeven td {background-color: #0A0}.skippedodd td {background-color: #DDD}.skippedeven td {background-color: #CCC}.failedodd td,.attn {background-color: #F33}.failedeven td,.stripe .attn {background-color: #D00}.stacktrace {white-space:pre;font-family:monospace}.totop {font-size:85%;text-align:center;border-bottom:2px solid #000}.invisible {display:none}</style>
</head>
<body>
<table>
<tr><th>Test</th><th># Passed</th><th># Skipped</th><th># Retried</th><th># Failed</th><th>Time (ms)</th><th>Included Groups</th><th>Excluded Groups</th></tr>
<tr><th colspan="8">Suite</th></tr>
<tr><td><a href="#t0">TestonChrome</a></td><td class="num">4</td><td class="num">0</td><td class="num">0</td><td class="num attn">3</td><td class="num">68,056</td><td></td><td></td></tr>
<tr class="stripe"><td><a href="#t1">TestonEdge</a></td><td class="num">4</td><td class="num">0</td><td class="num">0</td><td class="num attn">3</td><td class="num">42,676</td><td></td><td></td></tr>
<tr><th>Total</th><th class="num">8</th><th class="num">0</th><th class="num">0</th><th class="num attn">6</th><th class="num">110,732</th><th colspan="2"></th></tr>
</table>
<table id='summary'><thead><tr><th>Class</th><th>Method</th><th>Start</th><th>Time (ms)</th></tr></thead><tbody><tr><th colspan="4">Suite</th></tr></tbody><tbody id="t0"><tr><th colspan="4">TestonChrome &#8212; failed</th></tr><tr class="failedeven"><td rowspan="2">com.DsAlgoProject.TestCases.TC01_Registration</td><td><a href="#m0">Registration</a></td><td rowspan="2">1652127750677</td><td rowspan="2">2587</td></tr><tr class="failedeven"><td><a href="#m1">Registration</a></td></tr><tr class="failedodd"><td rowspan="1">com.DsAlgoProject.TestCases.TC02_SignIn</td><td><a href="#m2">SignInTest</a></td><td rowspan="1">1652127761641</td><td rowspan="1">1746</td></tr><tr><th colspan="4">TestonChrome &#8212; passed</th></tr><tr class="passedeven"><td rowspan="1">com.DsAlgoProject.TestCases.TC02_SignIn</td><td><a href="#m3">SignInTest</a></td><td rowspan="1">1652127758841</td><td rowspan="1">2791</td></tr><tr class="passedodd"><td rowspan="1">com.DsAlgoProject.TestCases.TC03_DataStructures</td><td><a href="#m4">DataStructuresTest</a></td><td rowspan="1">1652127764810</td><td rowspan="1">7862</td></tr><tr class="passedeven"><td rowspan="1">com.DsAlgoProject.TestCases.TC04_Arrays</td><td><a href="#m5">ArraysTest</a></td><td rowspan="1">1652127772682</td><td rowspan="1">17141</td></tr><tr class="passedodd"><td rowspan="1">com.DsAlgoProject.TestCases.TC05_Stacks</td><td><a href="#m6">StacksTest</a></td><td rowspan="1">1652127789836</td><td rowspan="1">7162</td></tr></tbody>
<tbody id="t1"><tr><th colspan="4">TestonEdge &#8212; failed</th></tr><tr class="failedeven"><td rowspan="2">com.DsAlgoProject.TestCases.TC01_Registration</td><td><a href="#m7">Registration</a></td><td rowspan="2">1652127803423</td><td rowspan="2">1340</td></tr><tr class="failedeven"><td><a href="#m8">Registration</a></td></tr><tr class="failedodd"><td rowspan="1">com.DsAlgoProject.TestCases.TC02_SignIn</td><td><a href="#m9">SignInTest</a></td><td rowspan="1">1652127810947</td><td rowspan="1">2204</td></tr><tr><th colspan="4">TestonEdge &#8212; passed</th></tr><tr class="passedeven"><td rowspan="1">com.DsAlgoProject.TestCases.TC02_SignIn</td><td><a href="#m10">SignInTest</a></td><td rowspan="1">1652127808203</td><td rowspan="1">2740</td></tr><tr class="passedodd"><td rowspan="1">com.DsAlgoProject.TestCases.TC03_DataStructures</td><td><a href="#m11">DataStructuresTest</a></td><td rowspan="1">1652127814165</td><td rowspan="1">5552</td></tr><tr class="passedeven"><td rowspan="1">com.DsAlgoProject.TestCases.TC04_Arrays</td><td><a href="#m12">ArraysTest</a></td><td rowspan="1">1652127819725</td><td rowspan="1">13967</td></tr><tr class="passedodd"><td rowspan="1">com.DsAlgoProject.TestCases.TC05_Stacks</td><td><a href="#m13">StacksTest</a></td><td rowspan="1">1652127833702</td><td rowspan="1">7040</td></tr></tbody>
</table>
<h2>TestonChrome</h2><h3 id="m0">com.DsAlgoProject.TestCases.TC01_Registration#Registration</h3><table class="result"><tr class="param"><th>Parameter #1</th><th>Parameter #2</th></tr><tr class="param stripe"><td>Neeshuindia</td><td>Neeshu1234</td></tr><tr><th colspan="2">Exception</th></tr><tr><td colspan="2"><div class="stacktrace">java.lang.AssertionError: expected [NumpyNinja] but found [Registration]
	at com.DsAlgoProject.TestCases.TC01_Registration.Registration(TC01_Registration.java:38)
	at java.base/java.util.ArrayList.forEach(ArrayList.java:1511)
... Removed 33 stack frames</div></td></tr></table><p class="totop"><a href="#summary">back to summary</a></p>
<h3 id="m1">com.DsAlgoProject.TestCases.TC01_Registration#Registration</h3><table class="result"><tr class="param"><th>Parameter #1</th><th>Parameter #2</th></tr><tr class="param stripe"><td>neeshu</td><td>Neeshu1234</td></tr><tr><th colspan="2">Exception</th></tr><tr><td colspan="2"><div class="stacktrace">java.lang.AssertionError: expected [NumpyNinja] but found [Registration]
	at com.DsAlgoProject.TestCases.TC01_Registration.Registration(TC01_Registration.java:38)
	at java.base/java.util.ArrayList.forEach(ArrayList.java:1511)
... Removed 33 stack frames</div></td></tr></table><p class="totop"><a href="#summary">back to summary</a></p>
<h3 id="m2">com.DsAlgoProject.TestCases.TC02_SignIn#SignInTest</h3><table class="result"><tr class="param"><th>Parameter #1</th><th>Parameter #2</th></tr><tr class="param stripe"><td>neeshu</td><td>Neeshu1234</td></tr><tr><th colspan="2">Exception</th></tr><tr><td colspan="2"><div class="stacktrace">java.lang.AssertionError: expected [NumpyNinja] but found [Login]
	at com.DsAlgoProject.TestCases.TC02_SignIn.SignInTest(TC02_SignIn.java:32)
	at java.base/java.util.ArrayList.forEach(ArrayList.java:1511)
... Removed 33 stack frames</div></td></tr></table><p class="totop"><a href="#summary">back to summary</a></p>
<h3 id="m3">com.DsAlgoProject.TestCases.TC02_SignIn#SignInTest</h3><table class="result"><tr class="param"><th>Parameter #1</th><th>Parameter #2</th></tr><tr class="param stripe"><td>Neeshuindia</td><td>Neeshu1234</td></tr></table><p class="totop"><a href="#summary">back to summary</a></p>
<h3 id="m4">com.DsAlgoProject.TestCases.TC03_DataStructures#DataStructuresTest</h3><table class="result"><tr><th class="invisible"/></tr></table><p class="totop"><a href="#summary">back to summary</a></p>
<h3 id="m5">com.DsAlgoProject.TestCases.TC04_Arrays#ArraysTest</h3><table class="result"><tr><th class="invisible"/></tr></table><p class="totop"><a href="#summary">back to summary</a></p>
<h3 id="m6">com.DsAlgoProject.TestCases.TC05_Stacks#StacksTest</h3><table class="result"><tr><th class="invisible"/></tr></table><p class="totop"><a href="#summary">back to summary</a></p>
<h2>TestonEdge</h2><h3 id="m7">com.DsAlgoProject.TestCases.TC01_Registration#Registration</h3><table class="result"><tr class="param"><th>Parameter #1</th><th>Parameter #2</th></tr><tr class="param stripe"><td>Neeshuindia</td><td>Neeshu1234</td></tr><tr><th colspan="2">Exception</th></tr><tr><td colspan="2"><div class="stacktrace">java.lang.AssertionError: expected [NumpyNinja] but found [Registration]
	at com.DsAlgoProject.TestCases.TC01_Registration.Registration(TC01_Registration.java:38)
	at java.base/java.util.ArrayList.forEach(ArrayList.java:1511)
... Removed 33 stack frames</div></td></tr></table><p class="totop"><a href="#summary">back to summary</a></p>
<h3 id="m8">com.DsAlgoProject.TestCases.TC01_Registration#Registration</h3><table class="result"><tr class="param"><th>Parameter #1</th><th>Parameter #2</th></tr><tr class="param stripe"><td>neeshu</td><td>Neeshu1234</td></tr><tr><th colspan="2">Exception</th></tr><tr><td colspan="2"><div class="stacktrace">java.lang.AssertionError: expected [NumpyNinja] but found [Registration]
	at com.DsAlgoProject.TestCases.TC01_Registration.Registration(TC01_Registration.java:38)
	at java.base/java.util.ArrayList.forEach(ArrayList.java:1511)
... Removed 33 stack frames</div></td></tr></table><p class="totop"><a href="#summary">back to summary</a></p>
<h3 id="m9">com.DsAlgoProject.TestCases.TC02_SignIn#SignInTest</h3><table class="result"><tr class="param"><th>Parameter #1</th><th>Parameter #2</th></tr><tr class="param stripe"><td>neeshu</td><td>Neeshu1234</td></tr><tr><th colspan="2">Exception</th></tr><tr><td colspan="2"><div class="stacktrace">java.lang.AssertionError: expected [NumpyNinja] but found [Login]
	at com.DsAlgoProject.TestCases.TC02_SignIn.SignInTest(TC02_SignIn.java:32)
	at java.base/java.util.ArrayList.forEach(ArrayList.java:1511)
... Removed 33 stack frames</div></td></tr></table><p class="totop"><a href="#summary">back to summary</a></p>
<h3 id="m10">com.DsAlgoProject.TestCases.TC02_SignIn#SignInTest</h3><table class="result"><tr class="param"><th>Parameter #1</th><th>Parameter #2</th></tr><tr class="param stripe"><td>Neeshuindia</td><td>Neeshu1234</td></tr></table><p class="totop"><a href="#summary">back to summary</a></p>
<h3 id="m11">com.DsAlgoProject.TestCases.TC03_DataStructures#DataStructuresTest</h3><table class="result"><tr><th class="invisible"/></tr></table><p class="totop"><a href="#summary">back to summary</a></p>
<h3 id="m12">com.DsAlgoProject.TestCases.TC04_Arrays#ArraysTest</h3><table class="result"><tr><th class="invisible"/></tr></table><p class="totop"><a href="#summary">back to summary</a></p>
<h3 id="m13">com.DsAlgoProject.TestCases.TC05_Stacks#StacksTest</h3><table class="result"><tr><th class="invisible"/></tr></table><p class="totop"><a href="#summary">back to summary</a></p>
</body>
</html>
